<?xml version="1.0" encoding="UTF-8"?>
<!-- Generated by org.testng.reporters.JUnitXMLReporter -->
<testsuite hostname="marufpc2" ignored="3" name="demo" tests="8" failures="2" timestamp="2021-12-16T20:36:12 EST" time="0.128" errors="0">
  <testcase name="test4" time="0.014" classname="test1.t1"/>
  <testcase name="test4" time="0.002" classname="test1.t1"/>
  <testcase name="test4" time="0.001" classname="test1.t1"/>
  <testcase name="test4" time="0.004" classname="test1.t1"/>
  <testcase name="test4" time="0.001" classname="test1.t1"/>
  <testcase name="test2" time="0.005" classname="test1.t1">
    <failure type="java.lang.AssertionError" message="null">
      <![CDATA[java.lang.AssertionError: null
at test1.t1.test2(t1.java:61)
at java.util.ArrayList.forEach(ArrayList.java:1249)
... Removed 30 stack frames]]>
    </failure>
  </testcase> <!-- test2 -->
  <testcase name="test3" time="0.001" classname="test1.t1">
    <failure type="java.lang.AssertionError" message="null">
      <![CDATA[java.lang.AssertionError: null
at test1.t1.test3(t1.java:66)
at java.util.ArrayList.forEach(ArrayList.java:1249)
... Removed 30 stack frames]]>
    </failure>
  </testcase> <!-- test3 -->
  <testcase name="test" time="0.0" classname="test1.t1">
    <skipped/>
  </testcase> <!-- test -->
  <testcase name="test6" time="0.0" classname="test1.t1">
    <ignored/>
  </testcase> <!-- test6 -->
  <testcase name="test5" time="0.0" classname="test1.t1">
    <ignored/>
  </testcase> <!-- test5 -->
  <testcase name="test7" time="0.0" classname="test1.t1">
    <ignored/>
  </testcase> <!-- test7 -->
</testsuite> <!-- demo -->
