<?xml version="1.0" encoding="UTF-8"?>
<testng-results ignored="1" total="2" passed="1" failed="0" skipped="0">
  <reporter-output>
  </reporter-output>
  <suite started-at="2022-03-07T21:18:27 EST" name="Default suite" finished-at="2022-03-07T21:18:35 EST" duration-ms="7717">
    <groups>
    </groups>
    <test started-at="2022-03-07T21:18:27 EST" name="Default test" finished-at="2022-03-07T21:18:35 EST" duration-ms="7717">
      <class name="api1.get1">
        <test-method signature="t2()[pri:0, instance:api1.get1@1cbb87f3]" started-at="2022-03-07T21:18:28 EST" name="t2" finished-at="2022-03-07T21:18:35 EST" duration-ms="7592" status="PASS">
          <reporter-output>
          </reporter-output>
        </test-method> <!-- t2 -->
      </class> <!-- api1.get1 -->
    </test> <!-- Default test -->
  </suite> <!-- Default suite -->
</testng-results>
