<?xml version="1.0" encoding="UTF-8"?>
<testng-results skipped="0" failed="0" ignored="0" total="1" passed="1">
  <reporter-output>
  </reporter-output>
  <suite name="Default suite" duration-ms="162" started-at="2022-03-03T21:39:54 EST" finished-at="2022-03-03T21:39:54 EST">
    <groups>
    </groups>
    <test name="Default test" duration-ms="162" started-at="2022-03-03T21:39:54 EST" finished-at="2022-03-03T21:39:54 EST">
      <class name="api1.get1">
        <test-method status="PASS" signature="t1()[pri:0, instance:api1.get1@556333]" name="t1" duration-ms="25" started-at="2022-03-03T21:39:54 EST" description="get request 1" finished-at="2022-03-03T21:39:54 EST">
          <reporter-output>
          </reporter-output>
        </test-method> <!-- t1 -->
      </class> <!-- api1.get1 -->
    </test> <!-- Default test -->
  </suite> <!-- Default suite -->
</testng-results>
