<?xml version="1.0" encoding="UTF-8"?>
<testng-results skipped="0" failed="0" ignored="0" total="11" passed="11">
  <reporter-output>
  </reporter-output>
  <suite name="Default suite" duration-ms="1176" started-at="2021-12-16T21:04:00 EST" finished-at="2021-12-16T21:04:01 EST">
    <groups>
      <group name="a">
        <method signature="t1.test2()[pri:1, instance:test1.t1@320068]" name="test2" class="test1.t1"/>
        <method signature="t1.test3()[pri:3, instance:test1.t1@320068]" name="test3" class="test1.t1"/>
      </group> <!-- a -->
      <group name="b">
        <method signature="t1.test()[pri:2, instance:test1.t1@320068]" name="test" class="test1.t1"/>
      </group> <!-- b -->
      <group name="c">
        <method signature="t1.test()[pri:2, instance:test1.t1@320068]" name="test" class="test1.t1"/>
        <method signature="t1.test4()[pri:0, instance:test1.t1@320068]" name="test4" class="test1.t1"/>
      </group> <!-- c -->
    </groups>
    <test name="Default test" duration-ms="1176" started-at="2021-12-16T21:04:00 EST" finished-at="2021-12-16T21:04:01 EST">
      <class name="test1.t1">
        <test-method status="PASS" signature="bf()[pri:0, instance:test1.t1@320068]" name="bf" is-config="true" duration-ms="16" started-at="2021-12-16T21:04:00 EST" finished-at="2021-12-16T21:04:00 EST">
          <reporter-output>
          </reporter-output>
        </test-method> <!-- bf -->
        <test-method status="PASS" signature="bt()[pri:0, instance:test1.t1@320068]" name="bt" is-config="true" duration-ms="1" started-at="2021-12-16T21:04:00 EST" finished-at="2021-12-16T21:04:00 EST">
          <reporter-output>
          </reporter-output>
        </test-method> <!-- bt -->
        <test-method status="PASS" signature="bc()[pri:0, instance:test1.t1@320068]" name="bc" is-config="true" duration-ms="0" started-at="2021-12-16T21:04:00 EST" finished-at="2021-12-16T21:04:00 EST">
          <reporter-output>
          </reporter-output>
        </test-method> <!-- bc -->
        <test-method status="PASS" signature="bm()[pri:0, instance:test1.t1@320068]" name="bm" is-config="true" duration-ms="0" started-at="2021-12-16T21:04:00 EST" finished-at="2021-12-16T21:04:00 EST">
          <reporter-output>
          </reporter-output>
        </test-method> <!-- bm -->
        <test-method status="PASS" signature="test4()[pri:0, instance:test1.t1@320068]" name="test4" duration-ms="8" started-at="2021-12-16T21:04:00 EST" finished-at="2021-12-16T21:04:00 EST">
          <reporter-output>
          </reporter-output>
        </test-method> <!-- test4 -->
        <test-method status="PASS" signature="am()[pri:0, instance:test1.t1@320068]" name="am" is-config="true" duration-ms="1" started-at="2021-12-16T21:04:00 EST" finished-at="2021-12-16T21:04:00 EST">
          <reporter-output>
          </reporter-output>
        </test-method> <!-- am -->
        <test-method status="PASS" signature="bm()[pri:0, instance:test1.t1@320068]" name="bm" is-config="true" duration-ms="1" started-at="2021-12-16T21:04:00 EST" finished-at="2021-12-16T21:04:00 EST">
          <reporter-output>
          </reporter-output>
        </test-method> <!-- bm -->
        <test-method status="PASS" signature="test4()[pri:0, instance:test1.t1@320068]" name="test4" duration-ms="3" started-at="2021-12-16T21:04:00 EST" finished-at="2021-12-16T21:04:00 EST">
          <reporter-output>
          </reporter-output>
        </test-method> <!-- test4 -->
        <test-method status="PASS" signature="am()[pri:0, instance:test1.t1@320068]" name="am" is-config="true" duration-ms="1" started-at="2021-12-16T21:04:00 EST" finished-at="2021-12-16T21:04:00 EST">
          <reporter-output>
          </reporter-output>
        </test-method> <!-- am -->
        <test-method status="PASS" signature="test4()[pri:0, instance:test1.t1@320068]" name="test4" duration-ms="2" started-at="2021-12-16T21:04:00 EST" finished-at="2021-12-16T21:04:00 EST">
          <reporter-output>
          </reporter-output>
        </test-method> <!-- test4 -->
        <test-method status="PASS" signature="bm()[pri:0, instance:test1.t1@320068]" name="bm" is-config="true" duration-ms="0" started-at="2021-12-16T21:04:00 EST" finished-at="2021-12-16T21:04:00 EST">
          <reporter-output>
          </reporter-output>
        </test-method> <!-- bm -->
        <test-method status="PASS" signature="am()[pri:0, instance:test1.t1@320068]" name="am" is-config="true" duration-ms="0" started-at="2021-12-16T21:04:00 EST" finished-at="2021-12-16T21:04:00 EST">
          <reporter-output>
          </reporter-output>
        </test-method> <!-- am -->
        <test-method status="PASS" signature="bm()[pri:0, instance:test1.t1@320068]" name="bm" is-config="true" duration-ms="1" started-at="2021-12-16T21:04:00 EST" finished-at="2021-12-16T21:04:00 EST">
          <reporter-output>
          </reporter-output>
        </test-method> <!-- bm -->
        <test-method status="PASS" signature="test4()[pri:0, instance:test1.t1@320068]" name="test4" duration-ms="3" started-at="2021-12-16T21:04:00 EST" finished-at="2021-12-16T21:04:00 EST">
          <reporter-output>
          </reporter-output>
        </test-method> <!-- test4 -->
        <test-method status="PASS" signature="am()[pri:0, instance:test1.t1@320068]" name="am" is-config="true" duration-ms="0" started-at="2021-12-16T21:04:00 EST" finished-at="2021-12-16T21:04:00 EST">
          <reporter-output>
          </reporter-output>
        </test-method> <!-- am -->
        <test-method status="PASS" signature="bm()[pri:0, instance:test1.t1@320068]" name="bm" is-config="true" duration-ms="0" started-at="2021-12-16T21:04:00 EST" finished-at="2021-12-16T21:04:00 EST">
          <reporter-output>
          </reporter-output>
        </test-method> <!-- bm -->
        <test-method status="PASS" signature="test4()[pri:0, instance:test1.t1@320068]" name="test4" duration-ms="2" started-at="2021-12-16T21:04:00 EST" finished-at="2021-12-16T21:04:00 EST">
          <reporter-output>
          </reporter-output>
        </test-method> <!-- test4 -->
        <test-method status="PASS" signature="am()[pri:0, instance:test1.t1@320068]" name="am" is-config="true" duration-ms="1" started-at="2021-12-16T21:04:00 EST" finished-at="2021-12-16T21:04:00 EST">
          <reporter-output>
          </reporter-output>
        </test-method> <!-- am -->
        <test-method status="PASS" signature="bm()[pri:0, instance:test1.t1@320068]" name="bm" is-config="true" duration-ms="0" started-at="2021-12-16T21:04:00 EST" finished-at="2021-12-16T21:04:00 EST">
          <reporter-output>
          </reporter-output>
        </test-method> <!-- bm -->
        <test-method status="PASS" signature="test5()[pri:0, instance:test1.t1@320068]" name="test5" duration-ms="1024" started-at="2021-12-16T21:04:00 EST" finished-at="2021-12-16T21:04:01 EST">
          <reporter-output>
          </reporter-output>
        </test-method> <!-- test5 -->
        <test-method status="PASS" signature="am()[pri:0, instance:test1.t1@320068]" name="am" is-config="true" duration-ms="0" started-at="2021-12-16T21:04:01 EST" finished-at="2021-12-16T21:04:01 EST">
          <reporter-output>
          </reporter-output>
        </test-method> <!-- am -->
        <test-method status="PASS" signature="bm()[pri:0, instance:test1.t1@320068]" name="bm" is-config="true" duration-ms="1" started-at="2021-12-16T21:04:01 EST" finished-at="2021-12-16T21:04:01 EST">
          <reporter-output>
          </reporter-output>
        </test-method> <!-- bm -->
        <test-method status="PASS" signature="test6()[pri:0, instance:test1.t1@320068]" name="test6" duration-ms="2" started-at="2021-12-16T21:04:01 EST" finished-at="2021-12-16T21:04:01 EST">
          <exception class="java.lang.ArithmeticException">
            <message>
              <![CDATA[/ by zero]]>
            </message>
            <full-stacktrace>
              <![CDATA[java.lang.ArithmeticException: / by zero
at test1.t1.test6(t1.java:83)
at sun.reflect.NativeMethodAccessorImpl.invoke0(Native Method)
at sun.reflect.NativeMethodAccessorImpl.invoke(NativeMethodAccessorImpl.java:62)
at sun.reflect.DelegatingMethodAccessorImpl.invoke(DelegatingMethodAccessorImpl.java:43)
at java.lang.reflect.Method.invoke(Method.java:497)
at org.testng.internal.MethodInvocationHelper.invokeMethod(MethodInvocationHelper.java:133)
at org.testng.internal.TestInvoker.invokeMethod(TestInvoker.java:598)
at org.testng.internal.TestInvoker.invokeTestMethod(TestInvoker.java:173)
at org.testng.internal.MethodRunner.runInSequence(MethodRunner.java:46)
at org.testng.internal.TestInvoker$MethodInvocationAgent.invoke(TestInvoker.java:824)
at org.testng.internal.TestInvoker.invokeTestMethods(TestInvoker.java:146)
at org.testng.internal.TestMethodWorker.invokeTestMethods(TestMethodWorker.java:146)
at org.testng.internal.TestMethodWorker.run(TestMethodWorker.java:128)
at org.testng.TestRunner$$Lambda$112/6948014.accept(Unknown Source)
at java.util.ArrayList.forEach(ArrayList.java:1249)
at org.testng.TestRunner.privateRun(TestRunner.java:794)
at org.testng.TestRunner.run(TestRunner.java:596)
at org.testng.SuiteRunner.runTest(SuiteRunner.java:377)
at org.testng.SuiteRunner.runSequentially(SuiteRunner.java:371)
at org.testng.SuiteRunner.privateRun(SuiteRunner.java:332)
at org.testng.SuiteRunner.run(SuiteRunner.java:276)
at org.testng.SuiteRunnerWorker.runSuite(SuiteRunnerWorker.java:53)
at org.testng.SuiteRunnerWorker.run(SuiteRunnerWorker.java:96)
at org.testng.TestNG.runSuitesSequentially(TestNG.java:1212)
at org.testng.TestNG.runSuitesLocally(TestNG.java:1134)
at org.testng.TestNG.runSuites(TestNG.java:1063)
at org.testng.TestNG.run(TestNG.java:1031)
at org.testng.remote.AbstractRemoteTestNG.run(AbstractRemoteTestNG.java:115)
at org.testng.remote.RemoteTestNG.initAndRun(RemoteTestNG.java:251)
at org.testng.remote.RemoteTestNG.main(RemoteTestNG.java:77)
]]>
            </full-stacktrace>
          </exception> <!-- java.lang.ArithmeticException -->
          <reporter-output>
          </reporter-output>
        </test-method> <!-- test6 -->
        <test-method status="PASS" signature="am()[pri:0, instance:test1.t1@320068]" name="am" is-config="true" duration-ms="0" started-at="2021-12-16T21:04:01 EST" finished-at="2021-12-16T21:04:01 EST">
          <reporter-output>
          </reporter-output>
        </test-method> <!-- am -->
        <test-method status="PASS" signature="bm()[pri:0, instance:test1.t1@320068]" name="bm" is-config="true" duration-ms="0" started-at="2021-12-16T21:04:01 EST" finished-at="2021-12-16T21:04:01 EST">
          <reporter-output>
          </reporter-output>
        </test-method> <!-- bm -->
        <test-method status="PASS" signature="test7()[pri:0, instance:test1.t1@320068]" name="test7" duration-ms="7" started-at="2021-12-16T21:04:01 EST" finished-at="2021-12-16T21:04:01 EST">
          <reporter-output>
          </reporter-output>
        </test-method> <!-- test7 -->
        <test-method status="PASS" signature="am()[pri:0, instance:test1.t1@320068]" name="am" is-config="true" duration-ms="1" started-at="2021-12-16T21:04:01 EST" finished-at="2021-12-16T21:04:01 EST">
          <reporter-output>
          </reporter-output>
        </test-method> <!-- am -->
        <test-method status="PASS" signature="bm()[pri:0, instance:test1.t1@320068]" name="bm" is-config="true" duration-ms="0" started-at="2021-12-16T21:04:01 EST" finished-at="2021-12-16T21:04:01 EST">
          <reporter-output>
          </reporter-output>
        </test-method> <!-- bm -->
        <test-method status="PASS" signature="test2()[pri:1, instance:test1.t1@320068]" name="test2" duration-ms="2" started-at="2021-12-16T21:04:01 EST" finished-at="2021-12-16T21:04:01 EST">
          <reporter-output>
          </reporter-output>
        </test-method> <!-- test2 -->
        <test-method status="PASS" signature="am()[pri:0, instance:test1.t1@320068]" name="am" is-config="true" duration-ms="1" started-at="2021-12-16T21:04:01 EST" finished-at="2021-12-16T21:04:01 EST">
          <reporter-output>
          </reporter-output>
        </test-method> <!-- am -->
        <test-method status="PASS" signature="bm()[pri:0, instance:test1.t1@320068]" name="bm" is-config="true" duration-ms="1" started-at="2021-12-16T21:04:01 EST" finished-at="2021-12-16T21:04:01 EST">
          <reporter-output>
          </reporter-output>
        </test-method> <!-- bm -->
        <test-method status="PASS" signature="test3()[pri:3, instance:test1.t1@320068]" name="test3" duration-ms="1" started-at="2021-12-16T21:04:01 EST" finished-at="2021-12-16T21:04:01 EST">
          <reporter-output>
          </reporter-output>
        </test-method> <!-- test3 -->
        <test-method status="PASS" signature="am()[pri:0, instance:test1.t1@320068]" name="am" is-config="true" duration-ms="1" started-at="2021-12-16T21:04:01 EST" finished-at="2021-12-16T21:04:01 EST">
          <reporter-output>
          </reporter-output>
        </test-method> <!-- am -->
        <test-method status="PASS" signature="bm()[pri:0, instance:test1.t1@320068]" name="bm" is-config="true" duration-ms="0" started-at="2021-12-16T21:04:01 EST" finished-at="2021-12-16T21:04:01 EST">
          <reporter-output>
          </reporter-output>
        </test-method> <!-- bm -->
        <test-method status="PASS" signature="test()[pri:2, instance:test1.t1@320068]" name="test" duration-ms="1" depends-on-groups="a" started-at="2021-12-16T21:04:01 EST" finished-at="2021-12-16T21:04:01 EST">
          <reporter-output>
          </reporter-output>
        </test-method> <!-- test -->
        <test-method status="PASS" signature="am()[pri:0, instance:test1.t1@320068]" name="am" is-config="true" duration-ms="0" started-at="2021-12-16T21:04:01 EST" finished-at="2021-12-16T21:04:01 EST">
          <reporter-output>
          </reporter-output>
        </test-method> <!-- am -->
        <test-method status="PASS" signature="ac()[pri:0, instance:test1.t1@320068]" name="ac" is-config="true" duration-ms="1" started-at="2021-12-16T21:04:01 EST" finished-at="2021-12-16T21:04:01 EST">
          <reporter-output>
          </reporter-output>
        </test-method> <!-- ac -->
        <test-method status="PASS" signature="at()[pri:0, instance:test1.t1@320068]" name="at" is-config="true" duration-ms="0" started-at="2021-12-16T21:04:01 EST" finished-at="2021-12-16T21:04:01 EST">
          <reporter-output>
          </reporter-output>
        </test-method> <!-- at -->
        <test-method status="PASS" signature="af()[pri:0, instance:test1.t1@320068]" name="af" is-config="true" duration-ms="1" started-at="2021-12-16T21:04:01 EST" finished-at="2021-12-16T21:04:01 EST">
          <reporter-output>
          </reporter-output>
        </test-method> <!-- af -->
      </class> <!-- test1.t1 -->
    </test> <!-- Default test -->
  </suite> <!-- Default suite -->
</testng-results>
