<?xml version="1.0" encoding="UTF-8"?>
<testng-results ignored="4" total="6" passed="2" failed="0" skipped="0">
  <reporter-output>
  </reporter-output>
  <suite started-at="2021-12-18T21:45:23 EST" name="Default suite" finished-at="2021-12-18T21:45:23 EST" duration-ms="145">
    <groups>
    </groups>
    <test started-at="2021-12-18T21:45:23 EST" name="Default test" finished-at="2021-12-18T21:45:23 EST" duration-ms="145">
      <class name="parameter_demo.p1">
        <test-method signature="t5(parameter_demo.Data)[pri:0, instance:parameter_demo.p1@e1de817]" started-at="2021-12-18T21:45:23 EST" name="t5" data-provider="test1" finished-at="2021-12-18T21:45:23 EST" duration-ms="14" status="PASS">
          <params>
            <param index="0">
              <value>
                <![CDATA[parameter_demo.Data@1a942c18]]>
              </value>
            </param>
          </params>
          <reporter-output>
          </reporter-output>
        </test-method> <!-- t5 -->
        <test-method signature="t5(parameter_demo.Data)[pri:0, instance:parameter_demo.p1@e1de817]" started-at="2021-12-18T21:45:23 EST" name="t5" data-provider="test1" finished-at="2021-12-18T21:45:23 EST" duration-ms="3" status="PASS">
          <params>
            <param index="0">
              <value>
                <![CDATA[parameter_demo.Data@6d4d66d2]]>
              </value>
            </param>
          </params>
          <reporter-output>
          </reporter-output>
        </test-method> <!-- t5 -->
      </class> <!-- parameter_demo.p1 -->
    </test> <!-- Default test -->
  </suite> <!-- Default suite -->
</testng-results>
