<?xml version="1.0" encoding="UTF-8"?>
<!-- Generated by org.testng.reporters.JUnitXMLReporter -->
<testsuite hostname="marufpc2" ignored="0" name="Default test" tests="11" failures="0" timestamp="2021-12-16T21:04:01 EST" time="1.176" errors="0">
  <testcase name="test4" time="0.008" classname="test1.t1"/>
  <testcase name="test4" time="0.003" classname="test1.t1"/>
  <testcase name="test4" time="0.002" classname="test1.t1"/>
  <testcase name="test4" time="0.003" classname="test1.t1"/>
  <testcase name="test4" time="0.002" classname="test1.t1"/>
  <testcase name="test5" time="1.024" classname="test1.t1"/>
  <testcase name="test6" time="0.002" classname="test1.t1"/>
  <testcase name="test7" time="0.007" classname="test1.t1"/>
  <testcase name="test2" time="0.002" classname="test1.t1"/>
  <testcase name="test3" time="0.001" classname="test1.t1"/>
  <testcase name="test" time="0.001" classname="test1.t1"/>
</testsuite> <!-- Default test -->
