<?xml version="1.0" encoding="UTF-8"?>
<!-- Generated by org.testng.reporters.JUnitXMLReporter -->
<testsuite ignored="4" hostname="marufpc2" failures="0" tests="2" name="Default test" time="0.145" errors="0" timestamp="2021-12-18T21:45:23 EST">
  <testcase classname="parameter_demo.p1" name="t5" time="0.014"/>
  <testcase classname="parameter_demo.p1" name="t5" time="0.003"/>
  <testcase classname="parameter_demo.p1" name="t4" time="0.0">
    <ignored/>
  </testcase> <!-- t4 -->
  <testcase classname="parameter_demo.p1" name="t2" time="0.0">
    <ignored/>
  </testcase> <!-- t2 -->
  <testcase classname="parameter_demo.p1" name="t3" time="0.0">
    <ignored/>
  </testcase> <!-- t3 -->
  <testcase classname="parameter_demo.p1" name="t1" time="0.0">
    <ignored/>
  </testcase> <!-- t1 -->
</testsuite> <!-- Default test -->
