<?xml version="1.0" encoding="UTF-8"?>
<testng-results ignored="0" total="2" passed="2" failed="0" skipped="0">
  <reporter-output>
  </reporter-output>
  <suite started-at="2021-12-12T22:28:00 EST" name="Default suite" finished-at="2021-12-12T22:28:00 EST" duration-ms="78">
    <groups>
    </groups>
    <test started-at="2021-12-12T22:28:00 EST" name="Default test" finished-at="2021-12-12T22:28:00 EST" duration-ms="78">
      <class name="testng_demo1.test1">
        <test-method is-config="true" signature="bf()[pri:0, instance:testng_demo1.test1@23f5b5dc]" started-at="2021-12-12T22:28:00 EST" name="bf" finished-at="2021-12-12T22:28:00 EST" duration-ms="14" status="PASS">
          <reporter-output>
          </reporter-output>
        </test-method> <!-- bf -->
        <test-method is-config="true" signature="bt()[pri:0, instance:testng_demo1.test1@23f5b5dc]" started-at="2021-12-12T22:28:00 EST" name="bt" finished-at="2021-12-12T22:28:00 EST" duration-ms="1" status="PASS">
          <reporter-output>
          </reporter-output>
        </test-method> <!-- bt -->
        <test-method is-config="true" signature="bc()[pri:0, instance:testng_demo1.test1@23f5b5dc]" started-at="2021-12-12T22:28:00 EST" name="bc" finished-at="2021-12-12T22:28:00 EST" duration-ms="1" status="PASS">
          <reporter-output>
          </reporter-output>
        </test-method> <!-- bc -->
        <test-method is-config="true" signature="bm()[pri:0, instance:testng_demo1.test1@23f5b5dc]" started-at="2021-12-12T22:28:00 EST" name="bm" finished-at="2021-12-12T22:28:00 EST" duration-ms="0" status="PASS">
          <reporter-output>
          </reporter-output>
        </test-method> <!-- bm -->
        <test-method signature="test2()[pri:1, instance:testng_demo1.test1@23f5b5dc]" started-at="2021-12-12T22:28:00 EST" name="test2" finished-at="2021-12-12T22:28:00 EST" duration-ms="11" status="PASS">
          <reporter-output>
          </reporter-output>
        </test-method> <!-- test2 -->
        <test-method is-config="true" signature="am()[pri:0, instance:testng_demo1.test1@23f5b5dc]" started-at="2021-12-12T22:28:00 EST" name="am" finished-at="2021-12-12T22:28:00 EST" duration-ms="1" status="PASS">
          <reporter-output>
          </reporter-output>
        </test-method> <!-- am -->
        <test-method is-config="true" signature="bm()[pri:0, instance:testng_demo1.test1@23f5b5dc]" started-at="2021-12-12T22:28:00 EST" name="bm" finished-at="2021-12-12T22:28:00 EST" duration-ms="0" status="PASS">
          <reporter-output>
          </reporter-output>
        </test-method> <!-- bm -->
        <test-method signature="test()[pri:2, instance:testng_demo1.test1@23f5b5dc]" started-at="2021-12-12T22:28:00 EST" name="test" finished-at="2021-12-12T22:28:00 EST" duration-ms="4" status="PASS">
          <reporter-output>
          </reporter-output>
        </test-method> <!-- test -->
        <test-method is-config="true" signature="am()[pri:0, instance:testng_demo1.test1@23f5b5dc]" started-at="2021-12-12T22:28:00 EST" name="am" finished-at="2021-12-12T22:28:00 EST" duration-ms="1" status="PASS">
          <reporter-output>
          </reporter-output>
        </test-method> <!-- am -->
        <test-method is-config="true" signature="ac()[pri:0, instance:testng_demo1.test1@23f5b5dc]" started-at="2021-12-12T22:28:00 EST" name="ac" finished-at="2021-12-12T22:28:00 EST" duration-ms="1" status="PASS">
          <reporter-output>
          </reporter-output>
        </test-method> <!-- ac -->
        <test-method is-config="true" signature="at()[pri:0, instance:testng_demo1.test1@23f5b5dc]" started-at="2021-12-12T22:28:00 EST" name="at" finished-at="2021-12-12T22:28:00 EST" duration-ms="1" status="PASS">
          <reporter-output>
          </reporter-output>
        </test-method> <!-- at -->
        <test-method is-config="true" signature="af()[pri:0, instance:testng_demo1.test1@23f5b5dc]" started-at="2021-12-12T22:28:00 EST" name="af" finished-at="2021-12-12T22:28:00 EST" duration-ms="1" status="PASS">
          <reporter-output>
          </reporter-output>
        </test-method> <!-- af -->
      </class> <!-- testng_demo1.test1 -->
    </test> <!-- Default test -->
  </suite> <!-- Default suite -->
</testng-results>
